2025-10-01 18:16:03 - INFO - Запуск приложения
2025-10-01 18:21:56 - INFO - Запуск приложения
2025-10-01 18:22:05 - INFO - Запуск приложения
2025-10-01 18:22:09 - INFO - Запуск приложения
2025-10-01 18:22:11 - INFO - Установлены параметры подключения: task1@localhost:5432
2025-10-01 18:22:12 - INFO - Подключение к БД task1 успешно
2025-10-01 18:22:13 - INFO - Главное окно инициализировано
2025-10-01 18:22:17 - INFO - Соединение с БД закрыто
2025-10-01 18:22:19 - INFO - Запуск приложения
2025-10-01 18:22:22 - INFO - Установлены параметры подключения: task1@localhost:5432
2025-10-01 18:22:22 - INFO - Подключение к системной БД postgres успешно
2025-10-01 18:22:22 - INFO - База данных task1 уже существует
2025-10-01 18:22:24 - INFO - Подключение к БД task1 успешно
2025-10-01 18:22:24 - INFO - Схема БД успешно создана
2025-10-01 18:22:24 - INFO - Тестовые данные успешно добавлены
2025-10-01 18:22:25 - INFO - Главное окно инициализировано
2025-10-01 18:23:07 - INFO - Обновлена книга с ID 2
2025-10-01 18:23:21 - INFO - Добавлена связь: книга 5 — автор 1
2025-10-01 18:23:35 - INFO - Добавлена связь: книга 5 — автор 1
2025-10-01 18:36:50 - INFO - Запуск приложения
2025-10-01 18:41:24 - INFO - Запуск приложения
2025-10-01 18:41:26 - INFO - Установлены параметры подключения: task1@localhost:5432
2025-10-01 18:41:26 - INFO - Подключение к БД task1 успешно
2025-10-01 18:41:27 - INFO - Главное окно инициализировано
2025-10-01 18:41:54 - INFO - Запуск приложения
2025-10-01 18:41:55 - INFO - Установлены параметры подключения: task1@localhost:5432
2025-10-01 18:41:55 - INFO - Подключение к БД task1 успешно
2025-10-01 18:41:56 - INFO - Главное окно инициализировано
2025-10-01 18:43:10 - INFO - Запуск приложения
2025-10-01 18:43:11 - INFO - Установлены параметры подключения: task1@localhost:5432
2025-10-01 18:43:11 - INFO - Подключение к БД task1 успешно
2025-10-01 18:43:11 - INFO - Главное окно инициализировано
2025-10-01 18:50:34 - INFO - Запуск приложения
2025-10-01 18:50:35 - INFO - Установлены параметры подключения: task1@localhost:5432
2025-10-01 18:50:35 - INFO - Подключение к БД task1 успешно
2025-10-01 18:50:36 - INFO - Главное окно инициализировано
2025-10-01 18:58:47 - INFO - Запуск приложения
2025-10-01 18:58:48 - INFO - Установлены параметры подключения: task1@localhost:5432
2025-10-01 18:58:48 - INFO - Подключение к БД task1 успешно
2025-10-01 18:58:49 - INFO - Главное окно инициализировано
2025-10-01 18:58:55 - INFO - Обновлен автор с ID 1
2025-10-01 18:59:05 - INFO - Добавлен автор с ID 11
2025-10-01 18:59:10 - INFO - Удален аавтор с ID 11
2025-10-01 18:59:38 - INFO - Запуск приложения
2025-10-01 18:59:39 - INFO - Установлены параметры подключения: task1@localhost:5432
2025-10-01 18:59:39 - INFO - Подключение к БД task1 успешно
2025-10-01 18:59:40 - INFO - Главное окно инициализировано
2025-10-01 18:59:45 - INFO - Обновлен автор с ID 1
2025-10-01 19:01:31 - INFO - Запуск приложения
2025-10-01 19:01:32 - INFO - Установлены параметры подключения: task1@localhost:5432
2025-10-01 19:01:32 - INFO - Подключение к БД task1 успешно
2025-10-01 19:01:33 - INFO - Главное окно инициализировано
2025-10-01 19:05:38 - INFO - Запуск приложения
2025-10-01 19:05:38 - INFO - Установлены параметры подключения: task1@localhost:5432
2025-10-01 19:05:38 - INFO - Подключение к БД task1 успешно
2025-10-01 19:05:39 - INFO - Главное окно инициализировано
2025-10-01 19:05:47 - INFO - Удален аавтор с ID 5
2025-10-01 19:08:42 - INFO - Запуск приложения
2025-10-01 19:08:43 - INFO - Установлены параметры подключения: task1@localhost:5432
2025-10-01 19:08:43 - INFO - Подключение к БД task1 успешно
2025-10-01 19:08:44 - INFO - Главное окно инициализировано
2025-10-01 19:08:51 - INFO - Удален аавтор с ID 4
2025-10-01 19:08:55 - INFO - Тестовые данные успешно добавлены
2025-10-01 19:08:55 - INFO - База данных успешно сброшена
2025-10-01 19:23:00 - INFO - Запуск приложения
2025-10-01 19:23:01 - INFO - Установлены параметры подключения: task1@localhost:5432
2025-10-01 19:23:01 - INFO - Подключение к БД task1 успешно
2025-10-01 19:23:02 - INFO - Главное окно инициализировано
2025-10-01 19:23:10 - INFO - Тестовые данные успешно добавлены
2025-10-01 19:23:10 - INFO - База данных успешно сброшена
2025-10-01 19:23:13 - INFO - Соединение с БД закрыто
2025-10-01 22:05:08 - INFO - Запуск приложения
2025-10-01 22:06:29 - INFO - Установлены параметры подключения: task1@localhost:5432
2025-10-01 22:06:29 - INFO - Подключение к БД task1 успешно
2025-10-01 22:06:31 - INFO - Главное окно инициализировано
2025-10-01 22:35:17 - INFO - Запуск приложения
2025-10-01 22:38:44 - INFO - Запуск приложения
2025-10-02 00:34:01 - INFO - Запуск приложения
2025-10-02 00:34:04 - INFO - Установлены параметры подключения: task1@localhost:5432
2025-10-02 00:34:04 - INFO - Подключение к БД task1 успешно
2025-10-02 00:34:06 - INFO - Главное окно инициализировано
2025-10-02 00:41:14 - INFO - Запуск приложения
2025-10-02 00:41:21 - INFO - Установлены параметры подключения: task1@localhost:5432
2025-10-02 00:41:21 - INFO - Подключение к БД task1 успешно
2025-10-02 00:41:23 - INFO - Главное окно инициализировано
2025-10-02 00:42:20 - INFO - Соединение с БД закрыто
2025-10-02 09:34:27 - INFO - Запуск приложения
2025-10-02 09:36:32 - INFO - Запуск приложения
2025-10-02 09:36:49 - INFO - Запуск приложения
2025-10-02 09:40:10 - INFO - Запуск приложения
2025-10-02 09:47:45 - INFO - Запуск приложения
2025-10-02 09:47:46 - INFO - Установлены параметры подключения: task1@localhost:5432
2025-10-02 09:47:46 - INFO - Подключение к БД task1 успешно
2025-10-02 09:51:10 - INFO - Запуск приложения
2025-10-02 09:51:13 - INFO - Установлены параметры подключения: task1@localhost:5432
2025-10-02 09:51:13 - INFO - Подключение к БД task1 успешно
2025-10-02 10:09:38 - INFO - Запуск приложения
2025-10-02 10:09:40 - INFO - Установлены параметры подключения: task1@localhost:5432
2025-10-02 10:09:40 - INFO - Подключение к БД task1 успешно
2025-10-02 10:41:53 - INFO - Запуск приложения
2025-10-02 10:41:54 - INFO - Установлены параметры подключения: task1@localhost:5432
2025-10-02 10:41:55 - INFO - Подключение к БД task1 успешно
2025-10-02 10:50:06 - INFO - Запуск приложения
2025-10-02 10:50:08 - INFO - Установлены параметры подключения: task1@localhost:5432
2025-10-02 10:50:08 - INFO - Подключение к БД task1 успешно
2025-10-02 10:50:09 - INFO - Главное окно инициализировано
2025-10-02 10:52:12 - INFO - Запуск приложения
2025-10-02 10:52:59 - INFO - Запуск приложения
2025-10-02 10:53:01 - INFO - Установлены параметры подключения: task1@localhost:5432
2025-10-02 10:53:01 - INFO - Подключение к БД task1 успешно
2025-10-02 10:53:02 - INFO - Главное окно инициализировано
2025-10-02 10:53:04 - INFO - Соединение с БД закрыто
2025-10-03 17:00:24 - INFO - Запуск приложения
2025-10-03 17:00:27 - INFO - Установлены параметры подключения: task1@localhost:5432
2025-10-03 17:00:27 - INFO - Подключение к БД task1 успешно
2025-10-03 17:00:28 - INFO - Главное окно инициализировано
2025-10-03 17:00:37 - INFO - Схема БД успешно удалена
2025-10-03 17:00:37 - INFO - Схема БД успешно создана
2025-10-03 17:00:41 - INFO - Тестовые данные успешно добавлены
2025-10-03 17:00:41 - INFO - База данных успешно сброшена
2025-10-03 17:28:21 - INFO - Запуск приложения
2025-10-03 17:28:24 - INFO - Установлены параметры подключения: task1@localhost:5432
2025-10-03 17:34:32 - INFO - Запуск приложения
2025-10-03 17:34:34 - INFO - Установлены параметры подключения: task1@localhost:5432
2025-10-03 17:34:34 - INFO - Подключение к БД task1 успешно
2025-10-03 17:34:36 - INFO - Главное окно инициализировано
2025-10-03 21:03:56 - INFO - Запуск приложения
2025-10-03 21:03:58 - INFO - Установлены параметры подключения: task1@localhost:5432
2025-10-03 21:03:58 - INFO - Подключение к БД task1 успешно
2025-10-03 21:04:00 - INFO - Главное окно инициализировано
2025-10-03 21:04:17 - INFO - Запуск приложения
2025-10-03 21:04:19 - INFO - Установлены параметры подключения: task1@localhost:5432
2025-10-03 21:04:19 - INFO - Подключение к БД task1 успешно
2025-10-03 21:04:20 - INFO - Главное окно инициализировано
2025-10-03 21:04:23 - INFO - Тема изменена на темную
2025-10-03 21:04:25 - INFO - Тема изменена на светлую
2025-10-03 21:04:26 - INFO - Тема изменена на темную
2025-10-03 21:04:28 - INFO - Тема изменена на светлую
2025-10-03 21:04:29 - INFO - Тема изменена на темную
2025-10-03 21:04:31 - INFO - Тема изменена на светлую
2025-10-03 21:04:33 - INFO - Тема изменена на темную
2025-10-03 21:04:34 - INFO - Тема изменена на светлую
2025-10-03 21:04:35 - INFO - Тема изменена на темную
2025-10-03 21:04:36 - INFO - Тема изменена на светлую
2025-10-03 21:04:37 - INFO - Тема изменена на темную
2025-10-03 21:04:58 - INFO - Тема изменена на светлую
2025-10-03 21:06:34 - INFO - Запуск приложения
2025-10-03 21:07:12 - INFO - Установлены параметры подключения: task1@localhostафа:5432
2025-10-03 21:07:16 - INFO - Установлены параметры подключения: task1@localhostафа:5432
2025-10-03 21:07:18 - INFO - Установлены параметры подключения: task1@localhostафа:5432
2025-10-03 21:07:21 - INFO - Установлены параметры подключения: task1@localhostафа:5432
2025-10-03 21:07:23 - INFO - Установлены параметры подключения: task1@localhostафа:5432
2025-10-03 21:07:26 - INFO - Установлены параметры подключения: task1@localhostафа:5432
2025-10-03 21:07:29 - INFO - Установлены параметры подключения: task1@localhostафа:5432
2025-10-03 21:07:31 - INFO - Установлены параметры подключения: task1@localhostафа:5432
2025-10-03 21:07:33 - INFO - Установлены параметры подключения: task1@localhostафа:5432
2025-10-03 21:07:35 - INFO - Установлены параметры подключения: task1@localhostафа:5432
2025-10-03 21:07:38 - INFO - Установлены параметры подключения: task1@localhostафа:5432
2025-10-03 21:08:02 - INFO - Запуск приложения
2025-10-03 21:08:22 - INFO - Установлены параметры подключения: task1@localhost:5432
2025-10-03 21:08:35 - INFO - Запуск приложения
2025-10-03 21:08:42 - INFO - Установлены параметры подключения: task1@localhost:5432
2025-10-03 21:08:42 - INFO - Подключение к БД task1 успешно
2025-10-03 21:08:49 - INFO - Главное окно инициализировано
2025-10-03 21:10:08 - INFO - Обновлен автор с ID 5
2025-10-03 21:10:43 - INFO - Обновлен автор с ID 5
2025-10-03 21:11:17 - INFO - Обновлен автор с ID 5
2025-10-03 21:11:57 - INFO - Удален аавтор с ID 4
2025-10-03 21:12:13 - INFO - Обновлен автор с ID 5
2025-10-03 21:12:37 - INFO - Обновлен автор с ID 5
2025-10-03 21:13:15 - INFO - Обновлен автор с ID 5
2025-10-03 21:14:12 - INFO - Добавлен читатель с ID 4
2025-10-03 21:15:04 - INFO - Обновлен читатель с ID 4
2025-10-03 21:15:48 - INFO - Добавлена связь: книга 5 — автор 5
2025-10-03 21:15:59 - INFO - Добавлена связь: книга 5 — автор 5
2025-10-03 21:16:07 - INFO - Обновлена связь: 5-5 -> 1-5
2025-10-03 21:16:27 - INFO - Добавлена связь: книга 1 — автор 3
2025-10-03 21:18:19 - INFO - Обновлен заказ с ID 3
2025-10-03 21:19:53 - INFO - Соединение с БД закрыто
2025-10-03 21:19:55 - INFO - Запуск приложения
2025-10-03 21:19:56 - INFO - Запуск приложения
2025-10-03 21:22:58 - INFO - Запуск приложения
2025-10-03 21:24:33 - INFO - Установлены параметры подключения: task1@localhost:5432
2025-10-03 21:24:33 - INFO - Подключение к системной БД postgres успешно
2025-10-03 21:24:33 - INFO - База данных task1 уже существует
2025-10-03 21:24:38 - INFO - Подключение к БД task1 успешно
2025-10-03 21:24:38 - INFO - Схема БД успешно создана
2025-10-03 21:24:38 - ERROR - Ошибка добавления тестовых данных: ОШИБКА:  INSERT или UPDATE в таблице "book_authors" нарушает ограничение внешнего ключа "book_authors_author_id_fkey"
DETAIL:  Ключ (author_id)=(4) отсутствует в таблице "authors".

2025-10-03 21:24:41 - INFO - Установлены параметры подключения: task1@localhost:5432
2025-10-03 21:24:41 - INFO - Подключение к системной БД postgres успешно
2025-10-03 21:24:41 - INFO - База данных task1 уже существует
2025-10-03 21:24:42 - INFO - Подключение к БД task1 успешно
2025-10-03 21:24:42 - INFO - Схема БД успешно создана
2025-10-03 21:24:42 - ERROR - Ошибка добавления тестовых данных: ОШИБКА:  INSERT или UPDATE в таблице "book_authors" нарушает ограничение внешнего ключа "book_authors_author_id_fkey"
DETAIL:  Ключ (author_id)=(4) отсутствует в таблице "authors".

2025-10-03 21:24:43 - INFO - Установлены параметры подключения: task1@localhost:5432
2025-10-03 21:24:43 - INFO - Подключение к системной БД postgres успешно
2025-10-03 21:24:43 - INFO - База данных task1 уже существует
2025-10-03 21:24:44 - INFO - Подключение к БД task1 успешно
2025-10-03 21:24:44 - INFO - Схема БД успешно создана
2025-10-03 21:24:44 - ERROR - Ошибка добавления тестовых данных: ОШИБКА:  INSERT или UPDATE в таблице "book_authors" нарушает ограничение внешнего ключа "book_authors_author_id_fkey"
DETAIL:  Ключ (author_id)=(4) отсутствует в таблице "authors".

2025-10-03 21:24:50 - INFO - Установлены параметры подключения: task1@localhost:5432
2025-10-03 21:24:50 - INFO - Подключение к системной БД postgres успешно
2025-10-03 21:24:50 - INFO - База данных task1 уже существует
2025-10-03 21:24:51 - INFO - Подключение к БД task1 успешно
2025-10-03 21:24:51 - INFO - Схема БД успешно создана
2025-10-03 21:24:51 - ERROR - Ошибка добавления тестовых данных: ОШИБКА:  INSERT или UPDATE в таблице "book_authors" нарушает ограничение внешнего ключа "book_authors_author_id_fkey"
DETAIL:  Ключ (author_id)=(4) отсутствует в таблице "authors".

2025-10-03 21:24:58 - INFO - Установлены параметры подключения: task2@localhost:5432
2025-10-03 21:24:58 - INFO - Подключение к системной БД postgres успешно
2025-10-03 21:24:58 - INFO - База данных task2 уже существует
2025-10-03 21:25:00 - INFO - Подключение к БД task2 успешно
2025-10-03 21:25:00 - INFO - Схема БД успешно создана
2025-10-03 21:25:00 - ERROR - Ошибка добавления тестовых данных: ОШИБКА:  нет уникального ограничения или ограничения-исключения, соответствующего указанию ON CONFLICT

2025-10-03 21:29:12 - INFO - Запуск приложения
2025-10-03 21:29:16 - INFO - Установлены параметры подключения: task1@localhost:5432
2025-10-03 21:29:16 - INFO - Подключение к системной БД postgres успешно
2025-10-03 21:29:17 - INFO - База данных task1 успешно создана
2025-10-03 21:29:24 - INFO - Подключение к БД task1 успешно
2025-10-03 21:29:24 - INFO - Схема БД успешно создана
2025-10-03 21:29:24 - INFO - Тестовые данные успешно добавлены
2025-10-03 21:29:26 - INFO - Главное окно инициализировано
2025-10-03 21:29:31 - INFO - Отключение от базы данных и выход из программы
2025-10-03 21:29:31 - INFO - Соединение с БД закрыто
2025-10-03 21:29:31 - INFO - Соединение с БД закрыто
2025-10-03 21:29:34 - INFO - Запуск приложения
2025-10-03 21:29:35 - INFO - Установлены параметры подключения: task1@localhost:5432
2025-10-03 21:29:35 - INFO - Подключение к системной БД postgres успешно
2025-10-03 21:29:35 - INFO - База данных task1 уже существует
2025-10-03 21:29:36 - INFO - Подключение к БД task1 успешно
2025-10-03 21:29:36 - INFO - Схема БД успешно создана
2025-10-03 21:29:36 - INFO - Тестовые данные успешно добавлены
2025-10-03 21:29:37 - INFO - Главное окно инициализировано
2025-10-03 21:29:51 - INFO - Отключение от базы данных и выход из программы
2025-10-03 21:29:51 - INFO - Соединение с БД закрыто
2025-10-03 21:29:51 - INFO - Соединение с БД закрыто
2025-10-03 21:29:55 - INFO - Запуск приложения
2025-10-03 21:29:58 - INFO - Установлены параметры подключения: task2@localhost:5432
2025-10-03 21:29:58 - INFO - Подключение к системной БД postgres успешно
2025-10-03 21:29:58 - INFO - База данных task2 уже существует
2025-10-03 21:29:59 - INFO - Подключение к БД task2 успешно
2025-10-03 21:29:59 - INFO - Схема БД успешно создана
2025-10-03 21:29:59 - ERROR - Ошибка добавления тестовых данных: ОШИБКА:  нет уникального ограничения или ограничения-исключения, соответствующего указанию ON CONFLICT

2025-10-03 21:30:19 - INFO - Запуск приложения
2025-10-03 21:30:24 - INFO - Установлены параметры подключения: task2@localhost:5432
2025-10-03 21:30:24 - INFO - Подключение к системной БД postgres успешно
2025-10-03 21:30:24 - INFO - База данных task2 успешно создана
2025-10-03 21:30:28 - INFO - Установлены параметры подключения: task2@localhost:5432
2025-10-03 21:30:28 - INFO - Подключение к БД task2 успешно
2025-10-03 21:30:30 - INFO - Схема БД успешно создана
2025-10-03 21:30:30 - INFO - Тестовые данные успешно добавлены
2025-10-03 21:30:32 - INFO - Главное окно инициализировано
2025-10-03 21:31:21 - INFO - Отключение от базы данных и выход из программы
2025-10-03 21:31:21 - INFO - Соединение с БД закрыто
2025-10-03 21:31:21 - INFO - Соединение с БД закрыто
2025-10-03 21:31:22 - INFO - Запуск приложения
2025-10-03 21:31:27 - INFO - Установлены параметры подключения: task1@localhostfzc:5432
2025-10-03 21:31:31 - INFO - Установлены параметры подключения: task1@localhostfzc:5432
2025-10-03 21:31:33 - INFO - Установлены параметры подключения: task1@localhostfzc:5432
2025-10-03 21:31:35 - INFO - Установлены параметры подключения: task1@localhostfzc:5432
2025-10-03 21:31:38 - INFO - Установлены параметры подключения: task1@localhostfzc:5432
2025-10-03 21:31:41 - INFO - Установлены параметры подключения: task1@localhostfzc:5432
2025-10-03 21:31:43 - INFO - Установлены параметры подключения: task1@localhostfzc:5432
2025-10-03 21:31:46 - INFO - Установлены параметры подключения: task1@localhostfzc:5432
2025-10-03 21:31:49 - INFO - Установлены параметры подключения: task1@localhostfzc:5432
2025-10-03 21:31:51 - INFO - Установлены параметры подключения: task1@localhostfzc:5432
2025-10-03 21:31:53 - INFO - Установлены параметры подключения: task1@localhostfzc:5432
2025-10-03 21:31:55 - INFO - Установлены параметры подключения: task1@localhostfzc:5432
2025-10-03 21:31:58 - INFO - Установлены параметры подключения: task1@localhostfzc:5432
2025-10-03 21:32:00 - INFO - Установлены параметры подключения: task1@localhostfzc:5432
2025-10-03 21:32:03 - INFO - Установлены параметры подключения: task1@localhostfzc:5432
2025-10-03 22:05:57 - INFO - Установлены параметры подключения: task1@localhostfzc:5432
2025-10-03 22:06:03 - INFO - Установлены параметры подключения: task1@localhostfzc:5432
2025-10-03 22:06:05 - INFO - Установлены параметры подключения: task1@localhostfzc:5432
2025-10-03 22:06:08 - INFO - Установлены параметры подключения: task1@localhostfzc:5432
2025-10-03 22:06:10 - INFO - Установлены параметры подключения: task1@localhostfzc:5432
2025-10-03 22:07:09 - INFO - Запуск приложения
2025-10-03 22:07:59 - INFO - Установлены параметры подключения: task1@localhostв:5432
2025-10-03 22:08:53 - INFO - Установлены параметры подключения: task1@localhosts:5432
2025-10-03 22:16:57 - INFO - Запуск приложения
2025-10-03 22:17:00 - INFO - Установлены параметры подключения: task1@localhost:5432
2025-10-03 22:17:00 - INFO - Подключение к БД task1 успешно
2025-10-03 22:17:01 - INFO - Главное окно инициализировано
2025-10-03 22:17:05 - INFO - Отключение от базы данных и выход из программы
2025-10-03 22:17:05 - INFO - Соединение с БД закрыто
2025-10-03 22:17:05 - INFO - Соединение с БД закрыто
2025-10-03 22:17:07 - INFO - Запуск приложения
2025-10-03 22:17:11 - INFO - Установлены параметры подключения: task1@localhostп:5432
2025-10-03 22:23:15 - INFO - Запуск приложения
2025-10-03 22:23:17 - INFO - Установлены параметры подключения: task1@localhost:5432
2025-10-03 22:23:19 - INFO - Главное окно инициализировано
2025-10-03 22:23:20 - INFO - Соединение с БД закрыто
2025-10-03 22:23:22 - INFO - Запуск приложения
2025-10-03 22:23:27 - INFO - Установлены параметры подключения: task1@localhostа:5432
2025-10-03 22:23:39 - INFO - Установлены параметры подключения: task1@localhostа:5432
2025-10-03 22:23:58 - INFO - Установлены параметры подключения: task1@localhostа:5432
2025-10-03 22:24:15 - INFO - Установлены параметры подключения: task1@localhostа:5432
2025-10-03 22:25:15 - INFO - Установлены параметры подключения: task1@localhost:54324
2025-10-03 22:30:12 - INFO - Запуск приложения
2025-10-03 22:30:16 - INFO - Установлены параметры подключения: task1@localhostр:5432
2025-10-03 22:30:33 - INFO - Установлены параметры подключения: task1@localhost:5432
2025-10-03 22:30:35 - INFO - Главное окно инициализировано
2025-10-03 22:30:47 - INFO - Соединение с БД закрыто
2025-10-03 22:30:49 - INFO - Запуск приложения
2025-10-03 22:30:53 - INFO - Установлены параметры подключения: task1@localhost:5432
2025-10-03 22:30:56 - INFO - Главное окно инициализировано
2025-10-03 22:31:00 - INFO - Соединение с БД закрыто
2025-10-03 22:31:02 - INFO - Запуск приложения
2025-10-03 22:31:03 - INFO - Установлены параметры подключения: task1@localhost:5432
2025-10-03 22:31:06 - INFO - Главное окно инициализировано
2025-10-03 22:31:08 - INFO - Запуск приложения
2025-10-03 22:31:17 - INFO - Установлены параметры подключения: task1@localhost:5432
2025-10-03 22:52:23 - INFO - Запуск приложения
2025-10-03 22:52:25 - INFO - Установлены параметры подключения: task1@localhost:5432
2025-10-03 22:52:26 - INFO - Главное окно инициализировано
2025-10-03 22:53:33 - INFO - Запуск приложения
2025-10-03 22:53:35 - INFO - Установлены параметры подключения: task1@localhost:5432
2025-10-03 22:53:37 - INFO - Главное окно инициализировано
2025-10-03 22:54:11 - INFO - Запуск приложения
2025-10-03 22:54:13 - INFO - Установлены параметры подключения: task1@localhost:5432
2025-10-03 22:54:15 - INFO - Главное окно инициализировано
2025-10-03 22:56:55 - INFO - Запуск приложения
2025-10-03 22:56:57 - INFO - Установлены параметры подключения: task1@localhost:5432
2025-10-03 22:56:58 - INFO - Главное окно инициализировано
2025-10-03 22:58:30 - INFO - Запуск приложения
2025-10-03 22:58:32 - INFO - Установлены параметры подключения: task1@localhost:5432
2025-10-03 22:58:32 - INFO - Подключение к БД task1 успешно
2025-10-03 22:58:33 - INFO - Главное окно инициализировано
2025-10-03 22:58:47 - INFO - Схема БД успешно удалена
2025-10-03 22:58:48 - INFO - Схема БД успешно создана
2025-10-03 22:58:52 - INFO - Тестовые данные успешно добавлены
2025-10-03 22:58:52 - INFO - База данных успешно сброшена
2025-10-03 22:59:00 - INFO - Соединение с БД закрыто
2025-10-03 22:59:02 - INFO - Запуск приложения
2025-10-03 22:59:10 - INFO - Установлены параметры подключения: task1@localhostf:5432
2025-10-03 23:01:07 - INFO - Запуск приложения
2025-10-03 23:01:11 - INFO - Установлены параметры подключения: task1@localhostd:5432
2025-10-03 23:01:19 - INFO - Установлены параметры подключения: task1@localhostd:5432
2025-10-03 23:01:30 - INFO - Установлены параметры подключения: task1@localhostd:5432
2025-10-03 23:01:49 - INFO - Установлены параметры подключения: task2@localhost:5432
2025-10-03 23:01:51 - INFO - Главное окно инициализировано
2025-10-03 23:02:01 - INFO - Схема БД успешно удалена
2025-10-03 23:02:01 - INFO - Схема БД успешно создана
2025-10-03 23:02:06 - INFO - Тестовые данные успешно добавлены
2025-10-03 23:02:06 - INFO - База данных успешно сброшена
2025-10-03 23:02:17 - INFO - Отключение от базы данных и выход из программы
2025-10-03 23:02:17 - INFO - Соединение с БД закрыто
2025-10-03 23:02:17 - INFO - Соединение с БД закрыто
2025-10-03 23:02:18 - INFO - Запуск приложения
2025-10-03 23:02:20 - INFO - Запуск приложения
2025-10-03 23:02:22 - INFO - Установлены параметры подключения: task1@localhost:5432
2025-10-03 23:02:24 - INFO - Главное окно инициализировано
2025-10-03 23:02:42 - INFO - Запуск приложения
2025-10-03 23:02:44 - INFO - Установлены параметры подключения: task1@localhost:5432
2025-10-03 23:02:44 - INFO - Подключение к БД task1 успешно
2025-10-03 23:02:45 - INFO - Главное окно инициализировано
2025-10-03 23:02:58 - INFO - Запуск приложения
2025-10-03 23:03:00 - INFO - Установлены параметры подключения: task1@localhost:5432
2025-10-03 23:03:02 - INFO - Главное окно инициализировано
2025-10-03 23:04:26 - INFO - Запуск приложения
2025-10-03 23:04:28 - INFO - Установлены параметры подключения: task1@localhost:5432
2025-10-03 23:04:28 - INFO - Подключение к БД task1 успешно
2025-10-03 23:04:29 - INFO - Главное окно инициализировано
2025-10-03 23:04:42 - INFO - Соединение с БД закрыто
2025-10-03 23:04:43 - INFO - Запуск приложения
2025-10-03 23:04:47 - INFO - Установлены параметры подключения: task1@localhostf:5432
2025-10-03 23:04:51 - INFO - Установлены параметры подключения: task1@localhostf:5432
2025-10-03 23:04:53 - INFO - Установлены параметры подключения: task1@localhostf:5432
2025-10-03 23:04:55 - INFO - Установлены параметры подключения: task1@localhostf:5432
2025-10-03 23:04:58 - INFO - Установлены параметры подключения: task1@localhostf:5432
2025-10-03 23:05:01 - INFO - Установлены параметры подключения: task1@localhostf:5432
2025-10-03 23:05:03 - INFO - Установлены параметры подключения: task1@localhostf:5432
2025-10-03 23:05:06 - INFO - Установлены параметры подключения: task1@localhostf:5432
2025-10-03 23:05:09 - INFO - Запуск приложения
2025-10-03 23:05:12 - INFO - Установлены параметры подключения: task1@localhost:5432
2025-10-03 23:05:13 - INFO - Главное окно инициализировано
2025-10-03 23:05:17 - INFO - Соединение с БД закрыто
2025-10-03 23:06:22 - INFO - Запуск приложения
2025-10-03 23:06:24 - INFO - Установлены параметры подключения: task1@localhost:5432
2025-10-03 23:06:26 - INFO - Главное окно инициализировано
2025-10-03 23:06:30 - INFO - Соединение с БД закрыто
2025-10-03 23:06:31 - INFO - Запуск приложения
2025-10-03 23:06:35 - INFO - Установлены параметры подключения: task1@localhostf:5432
2025-10-03 23:06:44 - INFO - Установлены параметры подключения: task1@localhostf:5432
2025-10-03 23:06:54 - INFO - Установлены параметры подключения: task1@localhostf:5432
2025-10-03 23:08:03 - INFO - Запуск приложения
2025-10-03 23:08:05 - INFO - Установлены параметры подключения: task1@localhost:5432
2025-10-03 23:08:07 - INFO - Главное окно инициализировано
2025-10-03 23:15:22 - INFO - Запуск приложения
2025-10-03 23:15:24 - INFO - Установлены параметры подключения: task1@localhost:5432
2025-10-03 23:15:25 - INFO - Главное окно инициализировано
2025-10-03 23:16:16 - INFO - Запуск приложения
2025-10-03 23:16:17 - INFO - Установлены параметры подключения: task1@localhost:5432
2025-10-03 23:16:19 - INFO - Главное окно инициализировано
2025-10-03 23:16:28 - INFO - Обновлен читатель с ID 3
2025-10-03 23:16:39 - INFO - Добавлен читатель с ID 4
2025-10-03 23:16:45 - INFO - Удален читатель с ID 4
2025-10-03 23:16:54 - INFO - Запуск приложения
2025-10-03 23:16:58 - INFO - Установлены параметры подключения: task1@localhostd:5432
2025-10-03 23:17:06 - INFO - Установлены параметры подключения: task1@localhostd:5432
2025-10-03 23:20:21 - INFO - Установлены параметры подключения: task1@localhostd:5432
2025-10-03 23:20:42 - INFO - Установлены параметры подключения: task1@localhost:5432
2025-10-03 23:20:45 - INFO - Главное окно инициализировано
2025-10-04 01:01:20 - INFO - Запуск приложения
2025-10-04 01:01:24 - INFO - Установлены параметры подключения: task1@localhostв:5432
2025-10-04 01:01:30 - INFO - Установлены параметры подключения: task1@localhost:5432
2025-10-04 01:01:30 - INFO - Подключение к БД task1 успешно
2025-10-04 01:01:31 - INFO - Главное окно инициализировано
2025-10-04 01:01:35 - INFO - Соединение с БД закрыто
2025-10-04 01:02:46 - INFO - Запуск приложения
2025-10-04 01:02:48 - INFO - Установлены параметры подключения: task1@localhost:5432
2025-10-04 01:02:48 - INFO - Подключение к БД task1 успешно
2025-10-04 01:02:50 - INFO - Главное окно инициализировано
2025-10-04 01:02:56 - INFO - Соединение с БД закрыто
2025-10-04 01:05:36 - INFO - Запуск приложения
2025-10-04 01:05:41 - INFO - Установлены параметры подключения: task1@localhostв:5432
2025-10-04 01:07:05 - INFO - Запуск приложения
2025-10-04 01:07:08 - INFO - Установлены параметры подключения: test1@localhost:5432
2025-10-04 01:07:11 - INFO - Установлены параметры подключения: test1@localhost:5432
2025-10-04 01:07:11 - INFO - Подключение к системной БД postgres успешно
2025-10-04 01:07:12 - INFO - База данных test1 успешно создана
2025-10-04 01:07:13 - INFO - Подключение к БД test1 успешно
2025-10-04 01:07:13 - INFO - Схема БД успешно создана
2025-10-04 01:07:13 - INFO - Тестовые данные успешно добавлены
2025-10-04 01:07:15 - INFO - Главное окно инициализировано
2025-10-04 01:07:18 - INFO - Соединение с БД закрыто
2025-10-04 01:07:20 - INFO - Запуск приложения
2025-10-04 01:07:22 - INFO - Установлены параметры подключения: test1@localhost:5432
2025-10-04 01:07:22 - INFO - Подключение к БД test1 успешно
2025-10-04 01:07:24 - INFO - Главное окно инициализировано
2025-10-04 01:07:26 - INFO - Соединение с БД закрыто
2025-10-04 01:07:35 - INFO - Запуск приложения
2025-10-04 01:07:43 - INFO - Установлены параметры подключения: test2@localhost:5432
2025-10-04 01:07:43 - INFO - Подключение к системной БД postgres успешно
2025-10-04 01:07:43 - INFO - База данных test2 успешно создана
2025-10-04 01:07:45 - INFO - Подключение к БД test2 успешно
2025-10-04 01:07:45 - INFO - Схема БД успешно создана
2025-10-04 01:07:45 - INFO - Тестовые данные успешно добавлены
2025-10-04 01:07:47 - INFO - Главное окно инициализировано
2025-10-04 01:07:51 - INFO - Соединение с БД закрыто
2025-10-04 01:18:11 - INFO - Запуск приложения
2025-10-04 01:18:37 - INFO - Запуск приложения
2025-10-04 01:18:40 - INFO - Установлены параметры подключения: test1@localhost:5432
2025-10-04 01:18:40 - INFO - Подключение к БД test1 успешно
2025-10-04 01:18:42 - INFO - Главное окно инициализировано
2025-10-04 01:18:48 - INFO - Схема БД успешно удалена
2025-10-04 01:18:48 - INFO - Схема БД успешно создана
2025-10-04 01:18:59 - INFO - Тестовые данные успешно добавлены
2025-10-04 01:18:59 - INFO - База данных успешно сброшена
2025-10-04 01:19:09 - INFO - Запуск приложения
2025-10-04 01:19:13 - INFO - Установлены параметры подключения: test1@localhostd:5432
2025-10-04 01:24:05 - INFO - Запуск приложения
2025-10-04 01:24:09 - INFO - Установлены параметры подключения: test1@localhostа:5432
2025-10-04 01:24:12 - ERROR - Ошибка подключения к БД: 'utf-8' codec can't decode byte 0xdd in position 56: invalid continuation byte
2025-10-04 01:24:19 - INFO - Установлены параметры подключения: test1@localhost:5432
2025-10-04 01:24:19 - INFO - Подключение к БД test1 успешно
2025-10-04 01:24:21 - INFO - Главное окно инициализировано
2025-10-04 01:24:35 - INFO - Схема БД успешно удалена
2025-10-04 01:24:35 - INFO - Схема БД успешно создана
2025-10-04 01:24:43 - INFO - Тестовые данные успешно добавлены
2025-10-04 01:24:43 - INFO - База данных успешно сброшена
2025-10-04 01:24:51 - INFO - Отключение от базы данных и выход из программы
2025-10-04 01:24:51 - INFO - Соединение с БД закрыто
2025-10-04 01:24:51 - INFO - Соединение с БД закрыто
2025-10-04 01:24:51 - INFO - Запуск приложения
2025-10-04 01:24:57 - INFO - Запуск приложения
2025-10-04 01:25:02 - INFO - Установлены параметры подключения: test1@localhost:54327
2025-10-04 01:25:06 - ERROR - Ошибка подключения к БД: connection to server at "localhost" (::1), port 54327 failed: Connection refused (0x0000274D/10061)
	Is the server running on that host and accepting TCP/IP connections?
connection to server at "localhost" (127.0.0.1), port 54327 failed: Connection refused (0x0000274D/10061)
	Is the server running on that host and accepting TCP/IP connections?

2025-10-04 01:25:20 - INFO - Установлены параметры подключения: test1@localhost:5432
2025-10-04 01:25:20 - ERROR - Ошибка подключения к БД: 'utf-8' codec can't decode byte 0xc2 in position 61: invalid continuation byte
2025-10-04 01:25:33 - INFO - Установлены параметры подключения: test2@localhost:5432
2025-10-04 01:25:33 - INFO - Подключение к БД test2 успешно
2025-10-04 01:25:35 - INFO - Главное окно инициализировано
2025-10-04 01:26:27 - INFO - Запуск приложения
2025-10-04 01:26:29 - INFO - Установлены параметры подключения: test1@localhost:5432
2025-10-04 01:26:29 - INFO - Подключение к БД test1 успешно
2025-10-04 01:26:31 - INFO - Главное окно инициализировано
2025-10-04 01:26:34 - INFO - Соединение с БД закрыто
2025-10-04 01:32:50 - INFO - Запуск приложения
2025-10-04 01:32:52 - INFO - Установлены параметры подключения: test1@localhost:5432
2025-10-04 01:32:52 - INFO - Подключение к БД test1 успешно
2025-10-04 01:32:53 - INFO - Главное окно инициализировано
2025-10-04 01:33:25 - INFO - Запуск приложения
2025-10-04 01:33:26 - INFO - Установлены параметры подключения: test1@localhost:5432
2025-10-04 01:33:27 - INFO - Подключение к БД test1 успешно
2025-10-04 01:33:30 - INFO - Главное окно инициализировано
2025-10-04 01:33:38 - INFO - Обновлен автор с ID
2025-10-04 01:33:53 - INFO - Запуск приложения
2025-10-04 01:33:54 - INFO - Установлены параметры подключения: test1@localhost:5432
2025-10-04 01:33:54 - INFO - Подключение к БД test1 успешно
2025-10-04 01:33:55 - INFO - Главное окно инициализировано
2025-10-04 01:34:22 - INFO - Добавлен автор с ID 6
2025-10-04 01:34:33 - INFO - Обновлен автор с ID 6
2025-10-04 01:36:14 - INFO - Запуск приложения
2025-10-04 01:36:16 - INFO - Установлены параметры подключения: test1@localhost:5432
2025-10-04 01:36:16 - INFO - Подключение к БД test1 успешно
2025-10-04 01:36:18 - INFO - Главное окно инициализировано
2025-10-04 01:39:41 - INFO - Запуск приложения
2025-10-04 01:39:44 - INFO - Установлены параметры подключения: test1@localhost:5432
2025-10-04 01:39:44 - INFO - Подключение к БД test1 успешно
2025-10-04 01:39:56 - INFO - Главное окно инициализировано
2025-10-04 01:42:10 - INFO - Запуск приложения
2025-10-04 01:42:12 - INFO - Установлены параметры подключения: test1@localhost:5432
2025-10-04 01:42:12 - INFO - Подключение к БД test1 успешно
2025-10-04 01:42:13 - INFO - Главное окно инициализировано
2025-10-04 01:42:40 - INFO - Обновлен автор с ID 6
2025-10-04 01:50:13 - INFO - Запуск приложения
2025-10-04 01:50:15 - INFO - Установлены параметры подключения: test1@localhost:5432
2025-10-04 01:50:15 - INFO - Подключение к БД test1 успешно
2025-10-04 01:50:17 - INFO - Главное окно инициализировано
2025-10-04 01:50:46 - INFO - Обновлена книга с ID 5
2025-10-04 01:51:07 - INFO - Добавлена книга с ID 6
2025-10-04 01:51:36 - INFO - Соединение с БД закрыто
2025-10-04 01:51:38 - INFO - Запуск приложения
2025-10-04 01:53:21 - INFO - Запуск приложения
2025-10-04 01:54:23 - INFO - Запуск приложения
2025-10-04 01:55:33 - INFO - Запуск приложения
2025-10-04 01:56:29 - INFO - Запуск приложения
2025-10-04 01:56:34 - INFO - Установлены параметры подключения: test1@localhost:5432
2025-10-04 01:56:34 - INFO - Подключение к БД test1 успешно
2025-10-04 01:56:35 - INFO - Главное окно инициализировано
2025-10-04 01:57:11 - INFO - Запуск приложения
2025-10-04 01:57:31 - INFO - Запуск приложения
2025-10-04 01:58:13 - INFO - Запуск приложения
2025-10-04 01:58:19 - INFO - Установлены параметры подключения: test1@localhost:5432
2025-10-04 01:58:19 - INFO - Подключение к БД test1 успешно
2025-10-04 01:58:31 - INFO - Главное окно инициализировано
2025-10-04 01:58:49 - INFO - Соединение с БД закрыто
2025-10-04 01:58:51 - INFO - Запуск приложения
2025-10-04 01:59:47 - INFO - Запуск приложения
2025-10-04 01:59:52 - INFO - Установлены параметры подключения: test1@localhost:5432
2025-10-04 01:59:52 - INFO - Подключение к БД test1 успешно
2025-10-04 01:59:54 - INFO - Главное окно инициализировано
2025-10-04 02:00:01 - INFO - Запуск приложения
2025-10-04 02:07:21 - INFO - Запуск приложения
2025-10-04 02:07:26 - INFO - Установлены параметры подключения: test2@localhost:5432
2025-10-04 02:07:26 - INFO - Подключение к БД test2 успешно
2025-10-04 02:07:27 - INFO - Главное окно инициализировано
2025-10-04 02:07:37 - INFO - Соединение с БД закрыто
2025-10-04 10:19:02 - INFO - Запуск приложения
2025-10-04 10:19:09 - INFO - Установлены параметры подключения: test1@localhost:5432
2025-10-04 10:19:14 - INFO - Установлены параметры подключения: test1@localhost:5432
2025-10-04 10:19:14 - ERROR - Ошибка подключения к БД: 'utf-8' codec can't decode byte 0xc2 in position 61: invalid continuation byte
2025-10-04 10:19:27 - INFO - Установлены параметры подключения: test1@localhostр:5432
2025-10-04 10:26:13 - INFO - Запуск приложения
2025-10-04 10:26:18 - INFO - Установлены параметры подключения: test1@localhosth:5432
2025-10-04 10:26:34 - INFO - Установлены параметры подключения: test1@localhosth:5432
2025-10-04 10:26:43 - INFO - Установлены параметры подключения: test2@localhosth:5432
2025-10-04 10:26:53 - INFO - Установлены параметры подключения: test2@localhost:5432
2025-10-04 10:26:53 - INFO - Подключение к БД test2 успешно
2025-10-04 10:26:55 - INFO - Главное окно инициализировано
2025-10-04 10:27:30 - INFO - Отключение от базы данных и выход из программы
2025-10-04 10:27:30 - INFO - Соединение с БД закрыто
2025-10-04 10:27:30 - INFO - Соединение с БД закрыто
2025-10-04 10:27:30 - INFO - Запуск приложения
2025-10-04 10:27:32 - INFO - Установлены параметры подключения: test1@localhost:5432
2025-10-04 10:27:32 - INFO - Подключение к БД test1 успешно
2025-10-04 10:27:37 - INFO - Главное окно инициализировано
2025-10-04 10:27:39 - INFO - Соединение с БД закрыто
2025-10-04 10:43:11 - INFO - Запуск приложения
2025-10-04 10:43:12 - INFO - Установлены параметры подключения: test1@localhost:5432
2025-10-04 10:43:12 - INFO - Подключение к БД test1 успешно
2025-10-04 10:45:42 - INFO - Запуск приложения
2025-10-04 10:45:51 - INFO - Запуск приложения
2025-10-04 10:46:46 - INFO - Запуск приложения
2025-10-04 10:46:47 - INFO - Установлены параметры подключения: test1@localhost:5432
2025-10-04 10:46:47 - INFO - Подключение к БД test1 успешно
2025-10-04 10:47:15 - INFO - Главное окно инициализировано
2025-10-04 10:47:28 - INFO - Запуск приложения
2025-10-04 10:47:30 - INFO - Установлены параметры подключения: test1@localhost:5432
2025-10-04 10:47:30 - INFO - Подключение к БД test1 успешно
2025-10-04 10:48:02 - INFO - Запуск приложения
2025-10-04 10:48:04 - INFO - Установлены параметры подключения: test1@localhost:5432
2025-10-04 10:48:04 - INFO - Подключение к БД test1 успешно
2025-10-04 10:48:06 - INFO - Главное окно инициализировано
2025-10-04 10:48:12 - INFO - Схема БД успешно удалена
2025-10-04 10:48:12 - INFO - Схема БД успешно создана
2025-10-04 10:48:15 - INFO - Соединение с БД закрыто
2025-10-04 10:48:17 - INFO - Запуск приложения
2025-10-04 10:52:45 - INFO - Запуск приложения
2025-10-04 10:52:55 - INFO - Запуск приложения
2025-10-04 10:53:01 - INFO - Установлены параметры подключения: task1@localhostа:5432
2025-10-04 10:54:26 - INFO - Запуск приложения
2025-10-04 10:54:30 - INFO - Установлены параметры подключения: test1@localhostв:5432
2025-10-04 12:41:18 - INFO - Запуск приложения
2025-10-04 12:41:26 - INFO - Установлены параметры подключения: test1@localhost:5432
2025-10-04 12:41:27 - INFO - Подключение к БД test1 успешно
2025-10-04 12:41:28 - INFO - Главное окно инициализировано
2025-10-04 12:52:14 - INFO - Тестовые данные успешно добавлены
2025-10-04 12:52:14 - INFO - База данных успешно сброшена
2025-10-04 12:52:19 - INFO - Соединение с БД закрыто
2025-10-04 12:53:15 - INFO - Запуск приложения
2025-10-04 12:53:20 - INFO - Установлены параметры подключения: test1@localhost:5432
2025-10-04 12:53:20 - INFO - Подключение к БД test1 успешно
2025-10-04 12:53:21 - INFO - Главное окно инициализировано
2025-10-04 12:53:26 - INFO - Соединение с БД закрыто
2025-10-04 12:53:28 - INFO - Запуск приложения
2025-10-04 12:53:29 - INFO - Установлены параметры подключения: test1@localhost:5432
2025-10-04 12:53:29 - INFO - Подключение к БД test1 успешно
2025-10-04 12:53:34 - INFO - Главное окно инициализировано
2025-10-04 12:53:54 - INFO - Соединение с БД закрыто
2025-10-04 13:22:01 - INFO - Запуск приложения
2025-10-04 13:22:02 - INFO - Установлены параметры подключения: test1@localhost:5432
2025-10-04 13:22:02 - INFO - Подключение к БД test1 успешно
2025-10-04 13:22:04 - INFO - Главное окно инициализировано
2025-10-04 13:22:08 - INFO - Запуск приложения
2025-10-04 13:22:11 - INFO - Установлены параметры подключения: test1@localhostв:5432
2025-10-04 13:22:13 - ERROR - Ошибка подключения к БД: 'utf-8' codec can't decode byte 0xdd in position 56: invalid continuation byte
2025-10-04 13:22:41 - INFO - Установлены параметры подключения: test1@localhost:5432
2025-10-04 13:22:41 - INFO - Подключение к БД test1 успешно
2025-10-04 13:22:42 - INFO - Главное окно инициализировано
2025-10-04 13:24:10 - INFO - Обновлена книга с ID 5
2025-10-04 13:24:34 - INFO - Обновлена книга с ID 5
2025-10-04 13:25:25 - INFO - Обновлен читатель с ID 3
2025-10-04 13:25:33 - INFO - Обновлен читатель с ID 3
2025-10-04 13:26:53 - INFO - Соединение с БД закрыто
2025-10-04 13:27:21 - INFO - Запуск приложения
2025-10-04 13:27:28 - INFO - Установлены параметры подключения: test1@localhost:5432
2025-10-04 13:27:28 - INFO - Подключение к БД test1 успешно
2025-10-04 13:27:30 - INFO - Главное окно инициализировано
2025-10-04 13:49:53 - INFO - Соединение с БД закрыто
2025-10-19 01:31:49 - INFO - Запуск приложения
2025-10-19 01:31:56 - INFO - Установлены параметры подключения: test1@localhost:5432
2025-10-19 01:31:56 - INFO - Подключение к БД test1 успешно
2025-10-19 01:31:57 - INFO - Главное окно инициализировано
2025-10-19 01:32:59 - INFO - Запуск приложения
2025-10-19 01:33:01 - INFO - Установлены параметры подключения: test1@localhost:5432
2025-10-19 01:33:01 - INFO - Подключение к БД test1 успешно
2025-10-19 01:33:02 - INFO - Главное окно инициализировано
2025-10-19 01:33:08 - INFO - Соединение с БД закрыто
2025-10-19 01:39:12 - INFO - Запуск приложения
2025-10-19 01:39:14 - INFO - Установлены параметры подключения: test1@localhost:5432
2025-10-19 01:39:14 - INFO - Подключение к БД test1 успешно
2025-10-19 01:39:17 - INFO - Главное окно инициализировано
2025-10-19 01:41:44 - INFO - Соединение с БД закрыто
2025-10-21 16:30:21 - INFO - Запуск приложения
2025-10-21 16:30:23 - INFO - Установлены параметры подключения: test1@localhost:5432
2025-10-21 16:39:22 - INFO - Запуск приложения
2025-10-21 16:39:24 - INFO - Установлены параметры подключения: test1@localhost:5432
2025-10-21 16:39:24 - INFO - Подключение к БД test1 успешно
2025-10-21 16:42:42 - INFO - Запуск приложения
2025-10-21 16:42:44 - INFO - Установлены параметры подключения: test1@localhost:5432
2025-10-21 16:42:44 - INFO - Подключение к БД test1 успешно
2025-10-21 16:44:50 - INFO - Запуск приложения
2025-10-21 16:44:51 - INFO - Установлены параметры подключения: test1@localhost:5432
2025-10-21 16:44:51 - INFO - Подключение к БД test1 успешно
2025-10-21 16:45:08 - INFO - Запуск приложения
2025-10-21 16:45:10 - INFO - Установлены параметры подключения: test1@localhost:5432
2025-10-21 16:45:10 - INFO - Подключение к БД test1 успешно
2025-10-21 16:45:11 - INFO - Главное окно инициализировано
2025-10-21 16:45:18 - INFO - Соединение с БД закрыто
2025-10-21 16:45:19 - INFO - Запуск приложения
2025-10-21 16:45:21 - INFO - Установлены параметры подключения: test1@localhost:5432
2025-10-21 16:45:22 - INFO - Подключение к системной БД postgres успешно
2025-10-21 16:45:22 - INFO - База данных test1 уже существует
2025-10-21 16:45:23 - INFO - Подключение к БД test1 успешно
2025-10-21 16:51:52 - INFO - Запуск приложения
2025-10-21 16:51:53 - INFO - Установлены параметры подключения: test1@localhost:5432
2025-10-21 16:51:53 - INFO - Подключение к системной БД postgres успешно
2025-10-21 16:51:53 - INFO - База данных test1 уже существует
2025-10-21 16:51:54 - INFO - Подключение к БД test1 успешно
2025-10-21 16:51:54 - INFO - Схема БД успешно создана
2025-10-21 16:51:54 - INFO - Тестовые данные успешно добавлены
2025-10-21 16:51:55 - INFO - Главное окно инициализировано
2025-10-21 16:52:03 - INFO - Схема БД успешно удалена
2025-10-21 16:52:03 - INFO - Схема БД успешно создана
2025-10-21 16:52:07 - INFO - Тестовые данные успешно добавлены
2025-10-21 16:52:07 - INFO - База данных успешно сброшена
2025-10-21 16:52:25 - INFO - Соединение с БД закрыто
2025-10-21 16:54:16 - INFO - Запуск приложения
2025-10-21 16:54:18 - INFO - Установлены параметры подключения: test1@localhost:5432
2025-10-21 16:54:18 - INFO - Подключение к БД test1 успешно
2025-10-21 16:54:19 - INFO - Главное окно инициализировано
2025-10-21 16:54:24 - INFO - Обновлена связь: 5-5 -> 5-5
2025-10-21 16:54:29 - INFO - Обновлена связь: 5-5 -> 5-2
2025-10-21 16:56:33 - INFO - Запуск приложения
2025-10-21 16:56:34 - INFO - Установлены параметры подключения: test1@localhost:5432
2025-10-21 16:56:34 - INFO - Подключение к БД test1 успешно
2025-10-21 16:56:35 - INFO - Главное окно инициализировано
2025-10-21 16:56:43 - INFO - Соединение с БД закрыто
2025-10-21 16:56:59 - INFO - Запуск приложения
2025-10-21 16:57:00 - INFO - Установлены параметры подключения: test1@localhost:5432
2025-10-21 16:57:00 - INFO - Подключение к БД test1 успешно
2025-10-21 16:57:00 - INFO - Главное окно инициализировано
2025-10-21 16:57:03 - INFO - Соединение с БД закрыто
2025-10-21 16:57:38 - INFO - Запуск приложения
2025-10-21 16:57:39 - INFO - Установлены параметры подключения: test1@localhost:5432
2025-10-21 16:57:39 - INFO - Подключение к БД test1 успешно
2025-10-21 16:57:40 - INFO - Главное окно инициализировано
2025-10-21 16:57:44 - INFO - Соединение с БД закрыто
2025-10-21 16:59:22 - INFO - Запуск приложения
2025-10-21 16:59:24 - INFO - Установлены параметры подключения: test1@localhost:5432
2025-10-21 16:59:24 - INFO - Подключение к БД test1 успешно
2025-10-21 16:59:25 - INFO - Главное окно инициализировано
2025-10-21 16:59:33 - INFO - Добавлен автор с ID 6
2025-10-21 17:01:48 - INFO - Запуск приложения
2025-10-21 17:01:49 - INFO - Установлены параметры подключения: test1@localhost:5432
2025-10-21 17:01:50 - INFO - Подключение к БД test1 успешно
2025-10-21 17:01:51 - INFO - Главное окно инициализировано
2025-10-21 17:01:55 - INFO - Удалена связь книга 5 — автор 2
2025-10-21 17:01:58 - INFO - Соединение с БД закрыто
2025-10-21 17:04:07 - INFO - Запуск приложения
2025-10-21 17:04:10 - INFO - Установлены параметры подключения: test1@localhost:5432
2025-10-21 17:04:10 - INFO - Подключение к БД test1 успешно
2025-10-21 17:04:11 - INFO - Главное окно инициализировано
2025-10-21 17:06:59 - INFO - Соединение с БД закрыто
2025-10-21 17:08:33 - INFO - Запуск приложения
2025-10-21 17:08:34 - INFO - Установлены параметры подключения: test1@localhost:5432
2025-10-21 17:08:34 - INFO - Подключение к БД test1 успешно
2025-10-21 17:08:36 - INFO - Главное окно инициализировано
2025-10-21 17:08:37 - INFO - Соединение с БД закрыто
2025-10-21 17:08:38 - INFO - Запуск приложения
2025-10-21 17:08:39 - INFO - Установлены параметры подключения: test1@localhost:5432
2025-10-21 17:08:39 - INFO - Подключение к системной БД postgres успешно
2025-10-21 17:08:39 - INFO - База данных test1 уже существует
2025-10-21 17:08:41 - INFO - Подключение к БД test1 успешно
2025-10-21 17:08:41 - INFO - Схема БД успешно создана
2025-10-21 17:08:41 - INFO - Тестовые данные успешно добавлены
2025-10-21 17:08:41 - INFO - Главное окно инициализировано
2025-10-21 17:08:45 - INFO - Схема БД успешно удалена
2025-10-21 17:08:45 - INFO - Схема БД успешно создана
2025-10-21 17:08:50 - INFO - Тестовые данные успешно добавлены
2025-10-21 17:08:50 - INFO - База данных успешно сброшена
2025-10-21 17:09:01 - INFO - Соединение с БД закрыто
2025-10-21 17:12:28 - INFO - Запуск приложения
2025-10-21 17:12:30 - INFO - Установлены параметры подключения: test1@localhost:5432
2025-10-21 17:12:30 - INFO - Подключение к БД test1 успешно
2025-10-21 17:12:31 - INFO - Главное окно инициализировано
2025-10-21 17:12:46 - INFO - Тема изменена на темную
2025-10-21 17:12:47 - INFO - Тема изменена на светлую
2025-10-21 17:12:48 - INFO - Тема изменена на темную
2025-10-21 17:12:52 - INFO - Тема изменена на светлую
2025-10-21 17:12:54 - INFO - Тема изменена на темную
2025-10-21 17:12:56 - INFO - Тема изменена на светлую
2025-10-21 17:12:57 - INFO - Тема изменена на темную
2025-10-21 18:37:58 - INFO - Запуск приложения
2025-10-21 18:38:00 - INFO - Установлены параметры подключения: test1@localhost:5432
2025-10-21 18:38:00 - INFO - Подключение к БД test1 успешно
2025-10-21 18:38:01 - INFO - Главное окно инициализировано
2025-10-21 18:38:14 - INFO - Удалена связь книга 5 — автор 5
2025-10-21 18:38:17 - INFO - Соединение с БД закрыто
2025-10-21 18:38:19 - INFO - Запуск приложения
2025-10-21 18:38:20 - INFO - Установлены параметры подключения: test1@localhost:5432
2025-10-21 18:38:20 - INFO - Подключение к системной БД postgres успешно
2025-10-21 18:38:20 - INFO - База данных test1 уже существует
2025-10-21 18:38:21 - INFO - Подключение к БД test1 успешно
2025-10-21 18:38:21 - INFO - Схема БД успешно создана
2025-10-21 18:38:21 - INFO - Тестовые данные успешно добавлены
2025-10-21 18:38:22 - INFO - Главное окно инициализировано
2025-10-21 18:38:24 - INFO - Тема изменена на темную
2025-10-21 18:38:25 - INFO - Тема изменена на светлую
2025-10-21 18:38:25 - INFO - Тема изменена на темную
2025-10-21 18:38:26 - INFO - Тема изменена на светлую
2025-10-21 18:38:27 - INFO - Тема изменена на темную
2025-10-21 18:38:27 - INFO - Тема изменена на светлую
2025-10-21 18:38:27 - INFO - Тема изменена на темную
2025-10-21 18:38:28 - INFO - Тема изменена на светлую
2025-10-21 18:38:28 - INFO - Тема изменена на темную
2025-10-21 18:38:28 - INFO - Тема изменена на светлую
2025-10-21 18:38:28 - INFO - Тема изменена на темную
2025-10-21 18:38:28 - INFO - Тема изменена на светлую
2025-10-21 18:38:29 - INFO - Тема изменена на темную
2025-10-21 18:38:31 - INFO - Соединение с БД закрыто
2025-10-21 18:42:51 - INFO - Запуск приложения
2025-10-21 18:45:52 - INFO - Запуск приложения
2025-10-21 19:16:53 - INFO - Запуск приложения
2025-10-21 19:16:57 - INFO - Установлены параметры подключения: test1@localhost:5432
2025-10-21 19:16:57 - INFO - Подключение к БД test1 успешно
2025-10-21 19:16:58 - INFO - Главное окно инициализировано
2025-10-21 19:16:59 - INFO - Соединение с БД закрыто
2025-10-21 23:42:21 - INFO - Запуск приложения
2025-10-21 23:42:23 - INFO - Установлены параметры подключения: test1@localhost:5432
2025-10-21 23:42:23 - INFO - Подключение к БД test1 успешно
2025-10-21 23:42:24 - INFO - Главное окно инициализировано
2025-10-21 23:42:26 - INFO - Тема изменена на темную
2025-10-21 23:42:27 - INFO - Тема изменена на светлую
2025-10-21 23:42:28 - INFO - Тема изменена на темную
2025-10-21 23:42:29 - INFO - Тема изменена на светлую
2025-10-21 23:42:30 - INFO - Тема изменена на темную
2025-10-21 23:42:33 - INFO - Соединение с БД закрыто
2025-10-21 23:51:04 - INFO - Запуск приложения
2025-10-21 23:51:05 - INFO - Установлены параметры подключения: test1@localhost:5432
2025-10-21 23:51:05 - INFO - Подключение к БД test1 успешно
2025-10-21 23:51:06 - INFO - Главное окно инициализировано
2025-10-21 23:51:19 - INFO - Тема изменена на темную
2025-10-21 23:51:20 - INFO - Тема изменена на светлую
2025-10-21 23:51:21 - INFO - Тема изменена на темную
2025-10-21 23:51:24 - INFO - Тема изменена на светлую
2025-10-21 23:51:24 - INFO - Тема изменена на темную
2025-10-21 23:51:30 - INFO - Тема изменена на светлую
2025-10-21 23:51:32 - INFO - Соединение с БД закрыто
2025-10-21 23:51:46 - INFO - Запуск приложения
2025-10-21 23:51:47 - INFO - Установлены параметры подключения: test1@localhost:5432
2025-10-21 23:51:47 - INFO - Подключение к БД test1 успешно
2025-10-21 23:51:48 - INFO - Главное окно инициализировано
2025-10-21 23:51:51 - INFO - Соединение с БД закрыто
2025-10-22 00:28:47 - INFO - Запуск приложения
2025-10-22 00:30:27 - INFO - Запуск приложения
2025-10-22 00:30:29 - INFO - Установлены параметры подключения: test1@localhost:5432
2025-10-22 00:30:29 - INFO - Подключение к БД test1 успешно
2025-10-22 00:32:11 - INFO - Запуск приложения
2025-10-22 00:32:13 - INFO - Установлены параметры подключения: test1@localhost:5432
2025-10-22 00:32:13 - INFO - Подключение к БД test1 успешно
2025-10-22 00:32:13 - INFO - Главное окно инициализировано
2025-10-22 00:32:20 - INFO - Удален читатель с ID 3
2025-10-22 00:32:23 - INFO - Соединение с БД закрыто
2025-10-22 00:41:25 - INFO - Запуск приложения
2025-10-22 00:41:27 - INFO - Установлены параметры подключения: test1@localhost:5432
2025-10-22 00:41:27 - INFO - Подключение к БД test1 успешно
2025-10-22 00:41:27 - INFO - Главное окно инициализировано
2025-10-22 00:41:31 - INFO - Соединение с БД закрыто
2025-10-22 01:52:16 - INFO - Запуск приложения
2025-10-22 01:52:18 - INFO - Установлены параметры подключения: test1@localhost:5432
2025-10-22 01:52:18 - INFO - Подключение к БД test1 успешно
2025-10-22 01:55:15 - INFO - Запуск приложения
2025-10-22 01:55:17 - INFO - Установлены параметры подключения: test1@localhost:5432
2025-10-22 01:55:17 - INFO - Подключение к БД test1 успешно
2025-10-22 01:55:18 - INFO - Главное окно инициализировано
2025-10-22 01:55:22 - INFO - Тема изменена на темную
2025-10-22 01:55:23 - INFO - Тема изменена на светлую
2025-10-22 01:55:24 - INFO - Тема изменена на темную
2025-10-22 01:55:25 - INFO - Тема изменена на светлую
2025-10-22 01:55:26 - INFO - Тема изменена на темную
2025-10-22 01:55:31 - INFO - Соединение с БД закрыто
2025-10-22 02:00:43 - INFO - Запуск приложения
2025-10-22 02:00:56 - INFO - Установлены параметры подключения: test1@localhost:5432
2025-10-22 02:00:56 - INFO - Подключение к БД test1 успешно
2025-10-22 02:00:57 - INFO - Главное окно инициализировано
2025-10-22 02:00:59 - INFO - Соединение с БД закрыто
2025-10-22 02:01:17 - INFO - Запуск приложения
2025-10-22 02:01:30 - INFO - Запуск приложения
2025-10-22 02:01:48 - INFO - Запуск приложения
2025-10-22 02:02:14 - INFO - Запуск приложения
2025-10-22 02:02:31 - INFO - Запуск приложения
2025-10-22 02:02:39 - INFO - Запуск приложения
2025-10-22 02:03:01 - INFO - Запуск приложения
2025-10-22 02:04:28 - INFO - Запуск приложения
2025-10-22 02:04:41 - INFO - Запуск приложения
2025-10-22 02:05:09 - INFO - Запуск приложения
2025-10-22 02:10:02 - INFO - Запуск приложения
2025-10-22 02:11:55 - INFO - Запуск приложения
2025-10-22 02:12:48 - INFO - Запуск приложения
2025-10-22 02:13:39 - INFO - Запуск приложения
2025-10-22 02:14:41 - INFO - Установлены параметры подключения: test1@localhost:5432
2025-10-22 02:14:41 - INFO - Подключение к БД test1 успешно
2025-10-22 02:14:43 - INFO - Главное окно инициализировано
2025-10-22 02:15:44 - INFO - Запуск приложения
2025-10-22 02:15:47 - INFO - Установлены параметры подключения: test1@localhost:5432
2025-10-22 02:15:47 - INFO - Подключение к БД test1 успешно
2025-10-22 02:15:48 - INFO - Главное окно инициализировано
2025-10-22 02:16:05 - INFO - Тема изменена на темную
2025-10-22 02:17:13 - INFO - Запуск приложения
2025-10-22 02:17:20 - INFO - Запуск приложения
2025-10-22 02:17:26 - INFO - Запуск приложения
2025-10-22 02:17:32 - INFO - Запуск приложения
2025-10-22 02:17:39 - INFO - Запуск приложения
2025-10-22 02:17:46 - INFO - Запуск приложения
2025-10-22 02:17:49 - INFO - Установлены параметры подключения: test1@localhost:5432
2025-10-22 02:17:50 - INFO - Подключение к БД test1 успешно
2025-10-22 02:17:50 - INFO - Главное окно инициализировано
2025-10-22 02:17:56 - INFO - Соединение с БД закрыто
2025-10-22 02:19:30 - INFO - Запуск приложения
2025-10-22 02:19:39 - INFO - Установлены параметры подключения: test1@localhost:5432
2025-10-22 02:19:40 - INFO - Подключение к БД test1 успешно
2025-10-22 02:19:41 - INFO - Главное окно инициализировано
2025-10-22 02:22:32 - INFO - Запуск приложения
2025-10-22 02:22:34 - INFO - Установлены параметры подключения: test1@localhost:5432
2025-10-22 02:22:34 - INFO - Подключение к БД test1 успешно
2025-10-22 02:22:34 - INFO - Главное окно инициализировано
2025-10-22 02:22:41 - INFO - Соединение с БД закрыто
2025-10-22 02:22:52 - INFO - Запуск приложения
2025-10-22 02:22:53 - INFO - Установлены параметры подключения: test1@localhost:5432
2025-10-22 02:22:53 - INFO - Подключение к БД test1 успешно
2025-10-22 02:22:54 - INFO - Главное окно инициализировано
2025-10-22 02:23:00 - INFO - Соединение с БД закрыто
2025-10-22 02:23:05 - INFO - Запуск приложения
2025-10-22 02:23:06 - INFO - Установлены параметры подключения: test1@localhost:5432
2025-10-22 02:23:07 - INFO - Подключение к БД test1 успешно
2025-10-22 02:23:07 - INFO - Главное окно инициализировано
2025-10-22 02:23:31 - INFO - Соединение с БД закрыто
2025-10-22 02:23:42 - INFO - Запуск приложения
2025-10-22 02:23:43 - INFO - Установлены параметры подключения: test1@localhost:5432
2025-10-22 02:23:43 - INFO - Подключение к БД test1 успешно
2025-10-22 02:23:44 - INFO - Главное окно инициализировано
2025-10-22 02:24:12 - INFO - Запуск приложения
2025-10-22 02:24:13 - INFO - Установлены параметры подключения: test1@localhost:5432
2025-10-22 02:24:13 - INFO - Подключение к БД test1 успешно
2025-10-22 02:24:14 - INFO - Главное окно инициализировано
2025-10-22 02:24:39 - INFO - Соединение с БД закрыто
2025-10-22 02:35:18 - INFO - Запуск приложения
2025-10-22 02:35:20 - INFO - Установлены параметры подключения: test1@localhost:5432
2025-10-22 02:35:20 - INFO - Подключение к БД test1 успешно
2025-10-22 02:35:21 - INFO - Главное окно инициализировано
2025-10-22 02:35:29 - INFO - Схема БД успешно удалена
2025-10-22 02:35:29 - INFO - Схема БД успешно создана
2025-10-22 02:35:32 - INFO - Тестовые данные успешно добавлены
2025-10-22 02:35:32 - INFO - База данных успешно сброшена
2025-10-22 02:35:40 - INFO - Соединение с БД закрыто
2025-10-22 17:47:58 - INFO - Запуск приложения
2025-10-22 17:48:00 - INFO - Установлены параметры подключения: test1@localhost:5432
2025-10-22 17:48:00 - INFO - Подключение к БД test1 успешно
2025-10-22 17:48:01 - INFO - Главное окно инициализировано
2025-10-22 17:48:03 - INFO - Соединение с БД закрыто
2025-10-22 17:48:48 - INFO - Запуск приложения
2025-10-22 17:48:49 - INFO - Установлены параметры подключения: test1@localhost:5432
2025-10-22 17:48:49 - INFO - Подключение к БД test1 успешно
2025-10-22 17:48:50 - INFO - Главное окно инициализировано
2025-10-22 17:48:52 - INFO - Соединение с БД закрыто
2025-10-22 17:57:26 - INFO - Запуск приложения
2025-10-22 17:57:27 - INFO - Установлены параметры подключения: test1@localhost:5432
2025-10-22 17:57:27 - INFO - Подключение к БД test1 успешно
2025-10-22 17:57:28 - INFO - Главное окно инициализировано
2025-10-22 17:57:41 - INFO - Удалена книга с ID 5
2025-10-22 17:57:53 - INFO - Обновлена связь: 4-4 -> 4-2
2025-10-22 17:58:02 - INFO - Соединение с БД закрыто
2025-10-22 18:07:57 - INFO - Запуск приложения
2025-10-22 18:07:59 - INFO - Установлены параметры подключения: test1@localhost:5432
2025-10-22 18:08:00 - INFO - Подключение к БД test1 успешно
2025-10-22 18:08:01 - INFO - Главное окно инициализировано
2025-10-22 18:08:11 - INFO - Удалена книга с ID 4
2025-10-22 18:10:37 - INFO - Запуск приложения
2025-10-22 18:10:39 - INFO - Установлены параметры подключения: test1@localhost:5432
2025-10-22 18:10:39 - INFO - Подключение к БД test1 успешно
2025-10-22 18:10:39 - INFO - Главное окно инициализировано
2025-10-22 18:13:37 - INFO - Запуск приложения
2025-10-22 18:13:39 - INFO - Установлены параметры подключения: test1@localhost:5432
2025-10-22 18:13:39 - INFO - Подключение к БД test1 успешно
2025-10-22 18:13:40 - INFO - Главное окно инициализировано
2025-10-22 18:14:16 - INFO - Запуск приложения
2025-10-22 18:14:17 - INFO - Установлены параметры подключения: test1@localhost:5432
2025-10-22 18:14:17 - INFO - Подключение к БД test1 успешно
2025-10-22 18:14:18 - INFO - Главное окно инициализировано
2025-10-22 18:14:43 - INFO - Соединение с БД закрыто
2025-10-22 18:18:57 - INFO - Запуск приложения
2025-10-22 18:18:59 - INFO - Установлены параметры подключения: test1@localhost:5432
2025-10-22 18:18:59 - INFO - Подключение к БД test1 успешно
2025-10-22 18:19:00 - INFO - Главное окно инициализировано
2025-10-22 18:19:02 - INFO - Схема БД успешно удалена
2025-10-22 18:19:02 - INFO - Схема БД успешно создана
2025-10-22 18:19:58 - INFO - Добавлена книга с ID 1
2025-10-22 18:21:10 - INFO - Запуск приложения
2025-10-22 18:21:11 - INFO - Установлены параметры подключения: test1@localhost:5432
2025-10-22 18:21:11 - INFO - Подключение к БД test1 успешно
2025-10-22 18:21:12 - INFO - Главное окно инициализировано
2025-10-22 18:21:32 - INFO - Схема БД успешно удалена
2025-10-22 18:21:32 - INFO - Схема БД успешно создана
2025-10-22 18:21:38 - INFO - Соединение с БД закрыто
2025-10-22 18:31:00 - INFO - Запуск приложения
2025-10-22 18:31:01 - INFO - Установлены параметры подключения: test1@localhost:5432
2025-10-22 18:31:01 - INFO - Подключение к БД test1 успешно
2025-10-22 18:34:37 - INFO - Запуск приложения
2025-10-22 18:34:40 - INFO - Установлены параметры подключения: test1@localhost:5432
2025-10-22 18:34:41 - INFO - Подключение к БД test1 успешно
2025-10-22 18:34:42 - INFO - Главное окно инициализировано
2025-10-22 18:34:49 - INFO - Тестовые данные успешно добавлены
2025-10-22 18:34:49 - INFO - База данных успешно сброшена
2025-10-22 18:35:15 - INFO - Запуск приложения
2025-10-22 18:35:16 - INFO - Установлены параметры подключения: test1@localhost:5432
2025-10-22 18:35:17 - INFO - Подключение к БД test1 успешно
2025-10-22 18:35:17 - INFO - Главное окно инициализировано
2025-10-22 18:37:42 - INFO - Запуск приложения
2025-10-22 18:37:43 - INFO - Установлены параметры подключения: test1@localhost:5432
2025-10-22 18:37:43 - INFO - Подключение к БД test1 успешно
2025-10-22 18:37:44 - INFO - Главное окно инициализировано
2025-10-22 18:41:04 - INFO - Запуск приложения
2025-10-22 18:41:05 - INFO - Установлены параметры подключения: test1@localhost:5432
2025-10-22 18:41:05 - INFO - Подключение к БД test1 успешно
2025-10-22 18:41:06 - INFO - Главное окно инициализировано
2025-10-22 18:41:34 - INFO - Запуск приложения
2025-10-22 18:41:35 - INFO - Установлены параметры подключения: test1@localhost:5432
2025-10-22 18:41:35 - INFO - Подключение к БД test1 успешно
2025-10-22 18:41:36 - INFO - Главное окно инициализировано
2025-10-22 18:46:11 - INFO - Запуск приложения
2025-10-22 18:46:13 - INFO - Установлены параметры подключения: test1@localhost:5432
2025-10-22 18:46:13 - INFO - Подключение к БД test1 успешно
2025-10-22 18:46:13 - INFO - Главное окно инициализировано
2025-10-22 18:47:52 - INFO - Соединение с БД закрыто
2025-10-22 19:19:48 - INFO - Запуск приложения
2025-10-22 19:19:49 - INFO - Установлены параметры подключения: test1@localhost:5432
2025-10-22 19:19:49 - INFO - Подключение к БД test1 успешно
2025-10-22 19:19:50 - INFO - Главное окно инициализировано
2025-10-22 19:20:23 - INFO - Обновлен автор с ID 5
2025-10-22 19:20:27 - INFO - Удален аавтор с ID 5
2025-10-22 19:20:36 - INFO - Добавлен автор с ID 6
2025-10-22 19:20:47 - INFO - Обновлена книга с ID 5
2025-10-22 19:20:58 - INFO - Добавлена книга с ID 6
2025-10-22 19:22:04 - INFO - Запуск приложения
2025-10-22 19:22:05 - INFO - Установлены параметры подключения: test1@localhost:5432
2025-10-22 19:22:06 - INFO - Подключение к БД test1 успешно
2025-10-22 19:22:06 - INFO - Главное окно инициализировано
2025-10-22 19:22:12 - INFO - Удалена книга с ID 6
2025-10-22 19:22:40 - INFO - Обновлен читатель с ID 3
2025-10-22 19:22:43 - INFO - Удален читатель с ID 3
2025-10-22 19:22:50 - INFO - Добавлен читатель с ID 4
2025-10-22 19:22:58 - INFO - Обновлен заказ с ID 4
2025-10-22 19:23:01 - INFO - Удален заказ с ID 4
2025-10-22 19:23:16 - INFO - Добавлен заказ (выдача) с ID 5
2025-10-22 19:23:26 - INFO - Добавлена связь: книга 1 — автор 6
2025-10-22 19:23:30 - INFO - Обновлена связь: 4-4 -> 4-2
2025-10-22 19:23:33 - INFO - Удалена связь книга 4 — автор 2
2025-10-22 19:28:01 - INFO - Соединение с БД закрыто
2025-10-22 19:28:02 - INFO - Запуск приложения
2025-10-22 22:14:57 - INFO - Установлены параметры подключения: test1@localhost:5432
2025-10-22 22:14:57 - INFO - Подключение к БД test1 успешно
2025-10-22 22:14:59 - INFO - Главное окно инициализировано
2025-10-22 22:15:24 - INFO - Соединение с БД закрыто
2025-10-23 12:44:56 - INFO - Запуск приложения
2025-10-24 17:41:46 - INFO - Запуск приложения
2025-10-24 17:41:48 - INFO - Установлены параметры подключения: test1@localhost:5432
2025-10-24 17:41:48 - INFO - Подключение к БД test1 успешно
2025-10-24 17:41:49 - INFO - Главное окно инициализировано
2025-10-31 14:31:17 - INFO - Запуск приложения
2025-10-31 14:31:26 - INFO - Установлены параметры подключения: test1@localhost:5432
2025-10-31 14:31:27 - INFO - Подключение к БД test1 успешно
2025-10-31 14:31:27 - INFO - Главное окно инициализировано
2025-10-31 14:31:32 - INFO - Тема изменена на темную
2025-10-31 14:38:41 - INFO - Запуск приложения
2025-10-31 14:38:46 - INFO - Установлены параметры подключения: test1@localhost:5432
2025-10-31 14:38:47 - INFO - Подключение к БД test1 успешно
2025-10-31 14:38:48 - INFO - Главное окно инициализировано
2025-10-31 14:58:49 - INFO - Соединение с БД закрыто
2025-10-31 15:05:27 - INFO - Запуск приложения
2025-10-31 15:05:33 - INFO - Установлены параметры подключения: test1@localhost:5432
2025-10-31 15:05:33 - INFO - Подключение к БД test1 успешно
2025-10-31 15:05:33 - INFO - Главное окно инициализировано
2025-10-31 15:07:30 - INFO - Соединение с БД закрыто
2025-10-31 15:07:37 - INFO - Запуск приложения
2025-10-31 15:07:41 - INFO - Установлены параметры подключения: test1@localhost:5432
2025-10-31 15:07:41 - INFO - Подключение к БД test1 успешно
2025-10-31 15:07:43 - INFO - Главное окно инициализировано
2025-10-31 15:08:32 - INFO - Тема изменена на темную
2025-10-31 15:09:11 - INFO - Тема изменена на светлую
2025-10-31 15:09:52 - INFO - Тема изменена на темную
2025-10-31 15:10:05 - INFO - Тема изменена на светлую
2025-10-31 15:12:04 - INFO - Соединение с БД закрыто
2025-10-31 15:12:20 - INFO - Запуск приложения
2025-10-31 15:12:27 - INFO - Установлены параметры подключения: test1@localhost:5432
2025-10-31 15:12:28 - INFO - Подключение к БД test1 успешно
2025-10-31 15:12:29 - INFO - Главное окно инициализировано
2025-10-31 15:17:29 - INFO - Соединение с БД закрыто
2025-10-31 15:30:21 - INFO - Запуск приложения
2025-10-31 15:30:26 - INFO - Установлены параметры подключения: test1@localhost:5432
2025-10-31 15:30:27 - INFO - Подключение к БД test1 успешно
2025-10-31 15:30:28 - INFO - Главное окно инициализировано
2025-10-31 15:30:38 - INFO - Соединение с БД закрыто
2025-10-31 15:37:00 - INFO - Запуск приложения
2025-10-31 15:37:05 - INFO - Установлены параметры подключения: test1@localhost:5432
2025-10-31 15:37:06 - INFO - Подключение к БД test1 успешно
2025-10-31 15:37:06 - INFO - Главное окно инициализировано
2025-10-31 15:41:46 - INFO - Соединение с БД закрыто
2025-10-31 15:44:26 - INFO - Запуск приложения
2025-10-31 15:44:31 - INFO - Установлены параметры подключения: test1@localhost:5432
2025-10-31 15:44:31 - INFO - Подключение к БД test1 успешно
2025-10-31 15:44:32 - INFO - Главное окно инициализировано
2025-10-31 15:52:14 - INFO - Соединение с БД закрыто
2025-10-31 15:52:25 - INFO - Запуск приложения
2025-10-31 15:52:31 - INFO - Установлены параметры подключения: test1@localhost:5432
2025-10-31 15:52:31 - INFO - Подключение к БД test1 успешно
2025-10-31 15:52:31 - INFO - Главное окно инициализировано
2025-10-31 16:04:03 - INFO - Соединение с БД закрыто
2025-10-31 16:04:11 - INFO - Запуск приложения
2025-10-31 16:04:15 - INFO - Установлены параметры подключения: test1@localhost:5432
2025-10-31 16:04:15 - INFO - Подключение к БД test1 успешно
2025-10-31 16:04:16 - INFO - Главное окно инициализировано
2025-10-31 16:04:23 - INFO - Соединение с БД закрыто
2025-10-31 16:07:22 - INFO - Запуск приложения
2025-10-31 16:07:28 - INFO - Установлены параметры подключения: test1@localhost:5432
2025-10-31 16:07:29 - INFO - Подключение к БД test1 успешно
2025-10-31 16:07:30 - INFO - Главное окно инициализировано
2025-10-31 16:10:03 - INFO - Соединение с БД закрыто
